c:\users\thoma\source\repos\gfxcore\release\gfxcore.pdb
c:\users\thoma\source\repos\gfxcore\release\mikktspace.obj
c:\users\thoma\source\repos\gfxcore\release\scene.obj
c:\users\thoma\source\repos\gfxcore\release\entity.obj
c:\users\thoma\source\repos\gfxcore\release\camera.obj
c:\users\thoma\source\repos\gfxcore\release\assetbaker.obj
c:\users\thoma\source\repos\gfxcore\release\geom.obj
c:\users\thoma\source\repos\gfxcore\release\matrix.obj
c:\users\thoma\source\repos\gfxcore\release\serializeclasses.obj
c:\users\thoma\source\repos\gfxcore\release\meshio.obj
c:\users\thoma\source\repos\gfxcore\release\io.obj
c:\users\thoma\source\repos\gfxcore\release\color.obj
c:\users\thoma\source\repos\gfxcore\release\bitmap.obj
c:\users\thoma\source\repos\gfxcore\release\texture.obj
c:\users\thoma\source\repos\gfxcore\release\model.obj
c:\users\thoma\source\repos\gfxcore\release\material.obj
c:\users\thoma\source\repos\gfxcore\release\gpuprogram.obj
c:\users\thoma\source\repos\gfxcore\release\gfxcore.obj
c:\users\thoma\source\repos\gfxcore\release\gfxcore.lib
c:\users\thoma\source\repos\gfxcore\release\gfxcore.tlog\cl.command.1.tlog
c:\users\thoma\source\repos\gfxcore\release\gfxcore.tlog\cl.read.1.tlog
c:\users\thoma\source\repos\gfxcore\release\gfxcore.tlog\cl.write.1.tlog
c:\users\thoma\source\repos\gfxcore\release\gfxcore.tlog\lib-link.read.1.tlog
c:\users\thoma\source\repos\gfxcore\release\gfxcore.tlog\lib-link.write.1.tlog
c:\users\thoma\source\repos\gfxcore\release\gfxcore.tlog\lib.command.1.tlog
